<?xml version="1.0" encoding="UTF-8"?>
<!-- Generated by org.testng.reporters.JUnitReportReporter -->
<testsuite hostname="LAPTOP-P2C9K8I4" failures="0" tests="1" name="Alltestclasses.SearchfieldTest" time="7.797" errors="0" timestamp="2023-06-28T20:08:28 IST" skipped="0">
  <testcase classname="Alltestclasses.SearchfieldTest" name="Searchfield" time="7.797"/>
  <system-out>
    <![CDATA[Test case startedSearchfield
Test case startedSearchfield]]>
  </system-out>
</testsuite> <!-- Alltestclasses.SearchfieldTest -->
