<?xml version="1.0" encoding="UTF-8"?>
<!-- Generated by org.testng.reporters.JUnitReportReporter -->
<testsuite hostname="LAPTOP-P2C9K8I4" failures="0" tests="1" name="Alltestclasses.SearchTest" time="8.891" errors="0" timestamp="2023-06-28T20:08:28 IST" skipped="0">
  <testcase classname="Alltestclasses.SearchTest" name="Searchdata" time="8.891"/>
  <system-out>
    <![CDATA[Test case startedSearchdata
Test case startedSearchdata]]>
  </system-out>
</testsuite> <!-- Alltestclasses.SearchTest -->
