<?xml version="1.0" encoding="UTF-8"?>
<!-- Generated by org.testng.reporters.JUnitReportReporter -->
<testsuite hostname="LAPTOP-P2C9K8I4" failures="0" tests="1" name="Alltestclasses.TicketsTest" time="6.033" errors="0" timestamp="2023-06-28T20:08:28 IST" skipped="0">
  <testcase classname="Alltestclasses.TicketsTest" name="Tickets" time="6.033"/>
  <system-out>
    <![CDATA[Test case startedTickets
Test case startedTickets]]>
  </system-out>
</testsuite> <!-- Alltestclasses.TicketsTest -->
