<?xml version="1.0" encoding="UTF-8"?>
<!-- Generated by org.testng.reporters.JUnitReportReporter -->
<testsuite hostname="LAPTOP-P2C9K8I4" failures="0" tests="1" name="Alltestclasses.Con2Test" time="6.749" errors="0" timestamp="2023-06-27T20:30:35 IST" skipped="0">
  <testcase classname="Alltestclasses.Con2Test" name="Con2data" time="6.749"/>
  <system-out>
    <![CDATA[Test case startedCon2data
Test case startedCon2data]]>
  </system-out>
</testsuite> <!-- Alltestclasses.Con2Test -->
